<?xml version="1.0" encoding="UTF-8"?>
<testng-results ignored="0" total="1" passed="1" failed="0" skipped="0">
  <reporter-output>
  </reporter-output>
  <suite started-at="2023-08-17T15:40:27 IST" name="Default suite" finished-at="2023-08-17T15:40:39 IST" duration-ms="11865">
    <groups>
    </groups>
    <test started-at="2023-08-17T15:40:27 IST" name="Default test" finished-at="2023-08-17T15:40:39 IST" duration-ms="11865">
      <class name="com.TESTNG.SeleniumTest">
        <test-method is-config="true" signature="setUp()[pri:0, instance:com.TESTNG.SeleniumTest@6950ed69]" started-at="2023-08-17T15:40:27 IST" name="setUp" finished-at="2023-08-17T15:40:33 IST" duration-ms="5960" status="PASS">
          <reporter-output>
          </reporter-output>
        </test-method> <!-- setUp -->
        <test-method signature="testSeleniumFlow()[pri:0, instance:com.TESTNG.SeleniumTest@6950ed69]" started-at="2023-08-17T15:40:33 IST" name="testSeleniumFlow" finished-at="2023-08-17T15:40:38 IST" duration-ms="5427" status="PASS">
          <reporter-output>
          </reporter-output>
        </test-method> <!-- testSeleniumFlow -->
        <test-method is-config="true" signature="tearDown()[pri:0, instance:com.TESTNG.SeleniumTest@6950ed69]" started-at="2023-08-17T15:40:38 IST" name="tearDown" finished-at="2023-08-17T15:40:39 IST" duration-ms="396" status="PASS">
          <reporter-output>
          </reporter-output>
        </test-method> <!-- tearDown -->
      </class> <!-- com.TESTNG.SeleniumTest -->
    </test> <!-- Default test -->
  </suite> <!-- Default suite -->
</testng-results>
